5 5 
0 0 
-42 -42 
2147483647 2147483647 
-2147483648 -2147483648 
5 
42 
10 
1 
1 
7 
0 
1 
0 
0 
0 
5 
2 
3 
5 7 
42 42 
0 99 
-5 10 
5 7 5 
0 0 0 
-1 42 -1 
1 3 2 
0 0 0 
-1 1 0 
0 
1 
3 
42 42 
0 0 
-123 -123 
1 1 2 2 
42 
1 2 
42 
-1 
0 
-999 
222 
2147483647 
-2147483648 
123 
-1 
65 
0 
255 
97 
0 
42 
-999 
0 
0 
-1 
8 
16 
0 
0 
-1 
0 
12 
42 
-2 
-8 
2147483648 
-2147483649 
7 
42 
-5 
8 
0 
-2147483649 
2147483648 
42 
0 
42 
-42 
42 
65534 
4294967296 
5 
42 
-5 
-5 
5 
2 
2 
0 
0 
-2 
2 
3 
-1 
0 
0 
0 
17 
-1 
-1 
-1 
0 
119 
0 
-1 
-1 
0 
102 
0 
-1 
-43 
41 
-1 
0 
-1 
-1 
0 
-1 
0 
0 
-1 
-1 
0 
0 
-1 
-1 
-1 
0 
0 
-1 
-1 
-1 
0 
0 
-1 
0 
0 
-1 
0 
0 
10 
20 
0 
210 
10 
-10 
-10 
10 1 
20 0 
0 0 
210 0 
11 1 
-5 -1 
300 0 
2147483648 0 
-50 0 
42 0 
-300 0 
0 56088 
0 0 
0 42 
-1 4294911208 
1 0 
0 20000 
10 0 
12 34 
2147913144729 6 
42 0 
-42949662 -96 
2 1 
0 0 
-2 -1 
2 
200 100 200 100 
0 0 0 0 
-200 -100 -200 -100 
4 
20 10 40 30 20 10 
0 0 88 99 0 0 
2 -1 4 -3 2 -1 
6 
20 10 40 30 
0 0 88 99 
42 42 42 42 
-20 -10 40 30 
4 
20 10 60 50 40 30 
0 0 2 2 1 1 
-2 -1 -6 -5 4 3 
6 
600 400 
99 42 
-125 -50 
0 2147483648 
-599 -400 
400 400 
99 42 
-201 -100 
274 150 
-1 -1 
0 0 
-201 -100 
199 100 
0 0 
-1 -2147483647 
200 100 
199 100 
0 0 
0 -100 
0 2147483648 
200 100 
99 42 
-200 -100 
-1 -100 
400 300 
99 42 
-200 -100 
0 100 
-1 
0 
0 
-1 
-1 
-1 
0 
0 
-1 
-1 
-1 
-1 
0 
0 
0 
0 
-1 
0 
0 
-1 
-1 
42 
255 
42 
467 
14 
255 
42 
42 
42 
66 
255 
42 
255 
255 
42 
42 
42 
42 
774763251095801167872

42
5
15
05
42
0
1234567890
42
42
0
42

48 2 
42.
4 49 
0 57 
255 57 
0 
 Test

Test



0 
-1 
1 
-1 
0 
-1 7 49 
0 7 65 
-1 4 81 
0 0 88 



    
Test
Test


     

42 
-42 
0 
2147483647 
-2147483648 
3 2 1 
42 
43 




0 
3 2 1 
42  43 
    0 
A B
                          42    43 
A
Z
0
 


A
ÿ
HI
Hell

A
1234
0 5 
0 57 
255 57 
0 
0 
-1 
-1 
0 
0 
0 
0 
0 
255 
597 
52 
5 
255 
42  43 
1 
2 
3 
     42 
1    10    100 
5484448 
5484448 

Block 1
00:                                                                 
01:                                                                 
02:                                                                 
03:                                                                 
04:                                                                 
05:                                                                 
06:                                                                 
07:                                                                 
08:                                                                 
09:                                                                 
10:                                                                 
11:                                                                 
12:                                                                 
13:                                                                 
14:                                                                 
15:                                                                 

1 

Block 1
00:                                                                 
01:                                                                 
02:                                                                 
03:                                                                 
04:                                                                 
05:                                                                 
06:                                                                 
07:                                                                 
08:                                                                 
09:                                                                 
10:                                                                 
11:                                                                 
12:                                                                 
13:                                                                 
14:                                                                 
15:                                                                 

1 
-1 
8 
8 
16 
-1 
16 
0 
0 
104 
42 
42 
-999 
0 
2147483647 
-2147483648 
20 20 
0 
0 
0 
0 
0 
0 0 
67890 12345 
0 0 
-2000 -1000 
-1 2147483647 
-1 
0 
-1 
42 
-1 
0 
0 
3 -1 
-1 
0 
0 
0 
-1 
43 42 
0 
42 
2 
42 
866229360 
866279888 
0 
866249728 
866258896 
866258896 
866280320 
866280432 
866281008 
11 
42 
866282480 
866252144 
866282480 
866282720 
Search order: TEST-VOC8 (FIND)
Current: TEST-VOC8
Search order: TEST-VOC9 (FIND)
Current: TEST-VOC9
Search order: (FIND)
Current: TEST-VOC9
0 
0 
Error
42 
42 
42 
0 
-1 
42 
-99 
42 
42 
42 
42 
42 
24 
1 
42 
42 
24 
1 
42 
5 
5 
5 
5 
0 
0 
5 
0 
5 
0 
5 
5 
0 1 2 3 4 
-5 -4 -3 -2 
0 1 2 1 2 3 2 3 4 
0 1 2 3 4 
-5 -4 -3 -2 
0 1 2 1 2 3 2 3 4 
0 1 2 3 4 
0 1 2 2 3 4 
0 1 2 3 4 
0 1 2 2 3 4 
0 1 2 3 4 
0 1 2 3 4 
0 2 4 6 8 
10 9 8 7 6 5 4 3 2 1 0 
0 3 6 9 
0 2 4 6 8 
10 9 8 7 6 5 4 3 2 1 0 
0 3 6 9 
0 
0 
0 
42 
20 
0 
Word Usage Statistics (Entropy Counts):
=====================================
WORD-ENTROPY: 1
ENTROPY!: 7
ENTROPY@: 8
STARFORTH: 1
J: 4
I: 22
+LOOP: 6
LOOP: 22
DO: 18
?DO: 8
UNTIL: 8
REPEAT: 10
WHILE: 10
BEGIN: 16
THEN: 16
ELSE: 14
IF: 16
DOES>: 3
LITERAL: 1
FORGET: 4
]: 3
[: 4
IMMEDIATE: 6
CONSTANT: 4
VARIABLE: 5
CREATE: 15
;: 68
:: 75
ABORT": 3
ABORT: 3
QUIT: 1
ORDER: 3
FORTH: 11
CURRENT: 4
CONTEXT: 5
DEFINITIONS: 17
VOCABULARY: 16
': 13
FIND: 4
>BODY: 12
HIDDEN: 2
SMUDGE: 2
]: 3
[: 4
LATEST: 7
SP@: 8
SP!: 5
PAD: 18
2,: 7
C,: 12
,: 23
ALLOT: 12
HERE: 149
SCR: 2
THRU: 17
LIST: 5
LOAD: 5
FLUSH: 3
EMPTY-BUFFERS: 4
SAVE-BUFFERS: 3
UPDATE: 3
BUFFER: 4
BLOCK: 10
SPACES: 10
SPACE: 7
TYPE: 36
CR: 477
EMIT: 14
BLANK: 2
SKIP: 4
SCAN: 4
SEARCH: 4
COMPARE: 5
CMOVE>: 4
CMOVE: 6
-TRAILING: 4
LITERAL: 1
BL: 16
S": 29
WORD: 15
SPAN: 4
EXPECT: 4
COUNT: 14
OCTAL: 6
HEX: 7
DECIMAL: 14
BASE: 9
SIGN: 3
HOLD: 2
#>: 16
#S: 11
#: 5
<#: 17
.: 597
D0<: 7
D0=: 7
2ROT: 6
2OVER: 6
2SWAP: 7
2DUP: 6
2DROP: 6
D=: 7
D<: 8
DMIN: 6
DMAX: 6
DABS: 7
DNEGATE: 6
D-: 8
D+: 7
S>D: 1
*/MOD: 8
*/: 10
MOD: 9
M/MOD: 7
M*: 8
M+: 7
>: 8
<: 13
<>: 6
=: 34
0<>: 1
0>: 4
0<: 6
0=: 7
NOT: 5
XOR: 7
OR: 7
AND: 8
ABS: 1
1-: 4
1+: 16
*/MOD: 8
*/: 10
MOD: 9
/: 9
*: 9
-: 46
+: 18
CELLS: 2
2@: 4
C!: 10
C@: 16
!: 24
@: 44
R@: 8
R>: 15
>R: 18
DEPTH: 25
ROT: 7
OVER: 13
SWAP: 37
DUP: 37
DROP: 48
-------------------------------------
Total executions: 2816
Total words: 258
Average executions per word: 10
Word Usage Statistics (Entropy Counts):
=====================================
WDENT: 2
WORD-ENTROPY: 2
ENTROPY!: 7
ENTROPY@: 8
STARFORTH: 1
J: 4
I: 22
+LOOP: 6
LOOP: 22
DO: 18
?DO: 8
UNTIL: 8
REPEAT: 10
WHILE: 10
BEGIN: 16
THEN: 16
ELSE: 14
IF: 16
DOES>: 3
LITERAL: 1
FORGET: 4
]: 3
[: 4
IMMEDIATE: 6
CONSTANT: 4
VARIABLE: 5
CREATE: 15
;: 69
:: 76
ABORT": 3
ABORT: 3
QUIT: 1
ORDER: 3
FORTH: 11
CURRENT: 4
CONTEXT: 5
DEFINITIONS: 17
VOCABULARY: 16
': 13
FIND: 4
>BODY: 12
HIDDEN: 2
SMUDGE: 2
]: 3
[: 4
LATEST: 7
SP@: 8
SP!: 5
PAD: 18
2,: 7
C,: 12
,: 23
ALLOT: 12
HERE: 149
SCR: 2
THRU: 17
LIST: 5
LOAD: 5
FLUSH: 3
EMPTY-BUFFERS: 4
SAVE-BUFFERS: 3
UPDATE: 3
BUFFER: 4
BLOCK: 10
SPACES: 10
SPACE: 7
TYPE: 36
CR: 477
EMIT: 14
BLANK: 2
SKIP: 4
SCAN: 4
SEARCH: 4
COMPARE: 5
CMOVE>: 4
CMOVE: 6
-TRAILING: 4
LITERAL: 1
BL: 16
S": 29
WORD: 15
SPAN: 4
EXPECT: 4
COUNT: 14
OCTAL: 6
HEX: 7
DECIMAL: 14
BASE: 9
SIGN: 3
HOLD: 2
#>: 16
#S: 11
#: 5
<#: 17
.: 597
D0<: 7
D0=: 7
2ROT: 6
2OVER: 6
2SWAP: 7
2DUP: 6
2DROP: 6
D=: 7
D<: 8
DMIN: 6
DMAX: 6
DABS: 7
DNEGATE: 6
D-: 8
D+: 7
S>D: 1
*/MOD: 8
*/: 10
MOD: 9
M/MOD: 7
M*: 8
M+: 7
>: 8
<: 13
<>: 6
=: 34
0<>: 1
0>: 4
0<: 6
0=: 7
NOT: 5
XOR: 7
OR: 7
AND: 8
ABS: 1
1-: 4
1+: 16
*/MOD: 8
*/: 10
MOD: 9
/: 9
*: 9
-: 46
+: 19
CELLS: 2
2@: 4
C!: 10
C@: 16
!: 24
@: 44
R@: 8
R>: 15
>R: 18
DEPTH: 25
ROT: 7
OVER: 13
SWAP: 37
DUP: 37
DROP: 49
-------------------------------------
Total executions: 2823
Total words: 259
Average executions per word: 10
Word Usage Statistics (Entropy Counts):
=====================================
WDENT: 2
WORD-ENTROPY: 3
ENTROPY!: 7
ENTROPY@: 8
STARFORTH: 1
J: 4
I: 22
+LOOP: 6
LOOP: 22
DO: 18
?DO: 8
UNTIL: 8
REPEAT: 10
WHILE: 10
BEGIN: 16
THEN: 16
ELSE: 14
IF: 16
DOES>: 3
LITERAL: 1
FORGET: 4
]: 3
[: 4
IMMEDIATE: 6
CONSTANT: 4
VARIABLE: 5
CREATE: 15
;: 69
:: 76
ABORT": 3
ABORT: 3
QUIT: 1
ORDER: 3
FORTH: 11
CURRENT: 4
CONTEXT: 5
DEFINITIONS: 17
VOCABULARY: 16
': 13
FIND: 4
>BODY: 12
HIDDEN: 2
SMUDGE: 2
]: 3
[: 4
LATEST: 7
SP@: 8
SP!: 5
PAD: 18
2,: 7
C,: 12
,: 23
ALLOT: 12
HERE: 149
SCR: 2
THRU: 17
LIST: 5
LOAD: 5
FLUSH: 3
EMPTY-BUFFERS: 4
SAVE-BUFFERS: 3
UPDATE: 3
BUFFER: 4
BLOCK: 10
SPACES: 10
SPACE: 7
TYPE: 36
CR: 477
EMIT: 14
BLANK: 2
SKIP: 4
SCAN: 4
SEARCH: 4
COMPARE: 5
CMOVE>: 4
CMOVE: 6
-TRAILING: 4
LITERAL: 1
BL: 16
S": 29
WORD: 15
SPAN: 4
EXPECT: 4
COUNT: 14
OCTAL: 6
HEX: 7
DECIMAL: 14
BASE: 9
SIGN: 3
HOLD: 2
#>: 16
#S: 11
#: 5
<#: 17
.: 597
D0<: 7
D0=: 7
2ROT: 6
2OVER: 6
2SWAP: 7
2DUP: 6
2DROP: 6
D=: 7
D<: 8
DMIN: 6
DMAX: 6
DABS: 7
DNEGATE: 6
D-: 8
D+: 7
S>D: 1
*/MOD: 8
*/: 10
MOD: 9
M/MOD: 7
M*: 8
M+: 7
>: 8
<: 13
<>: 6
=: 34
0<>: 1
0>: 4
0<: 6
0=: 7
NOT: 5
XOR: 7
OR: 7
AND: 8
ABS: 1
1-: 4
1+: 16
*/MOD: 8
*/: 10
MOD: 9
/: 9
*: 9
-: 46
+: 19
CELLS: 2
2@: 4
C!: 10
C@: 16
!: 24
@: 44
R@: 8
R>: 15
>R: 18
DEPTH: 26
ROT: 7
OVER: 13
SWAP: 37
DUP: 37
DROP: 49
-------------------------------------
Total executions: 2825
Total words: 259
Average executions per word: 10
0 
Top 5 most frequently used words:
==================================
 1. TOPTEST: 5
 2. TOP-WORDS: 1
 3. ;: 1
 4. :: 1
 5. DROP: 1
Top 10 most frequently used words:
==================================
 1. TOPTEST: 5
 2. TOP-WORDS: 2
 3. ;: 1
 4. :: 1
 5. DROP: 1
Top 5 most frequently used words:
==================================
 1. TOP-WORDS: 1
Top 1 most frequently used words:
==================================
 1. TOP-WORDS: 2
Top 100 most frequently used words:
==================================
 1. TOP-WORDS: 3
TOP-WORDS: invalid count 0
TOP-WORDS: invalid count -5
[36mok>[0m [92m[0mGoodbye!
 ok
