Started at Thu Oct 30 08:34:10 GMT-4 2025 (polyml-5.9.1_x86_64_32-linux on rajames)
ISABELLE_TOOL_JAVA_OPTIONS="-Djava.awt.headless=true -Xms512m -Xmx4g -Xss16m"
ISABELLE_BUILD_OPTIONS=""

ML_PLATFORM="x86_64_32-linux"
ML_HOME="/home/rajames/bin/Isabelle2025/contrib/polyml-5.9.1/x86_64_32-linux"
ML_SYSTEM="polyml-5.9.1"
ML_OPTIONS="--minheap 500"

Session Pure/Pure
Session Misc/Tools
Session HOL/HOL (main)
Session Unsorted/StarForth_Formal
Running StarForth_Formal ...
StarForth_Formal: theory StarForth_Formal.Physics_StateMachine
StarForth_Formal: theory StarForth_Formal.VM_Core
StarForth_Formal: theory StarForth_Formal.VM_Stacks
StarForth_Formal: theory StarForth_Formal.VM_StackRuntime
StarForth_Formal: theory StarForth_Formal.VM_DataStack_Words
StarForth_Formal: theory StarForth_Formal.VM_Words
StarForth_Formal: theory StarForth_Formal.VM_ReturnStack_Words
StarForth_Formal: theory StarForth_Formal.Physics_Observation
StarForth_Formal FAILED (see also "isabelle build_log -H Error StarForth_Formal")
...
***       None ⇒ None | Some (xa, s) ⇒ Some (xa, st⦇data_stack := s⦈)) =
***      Some (x, st');
***      stack_pop (data_stack st) = None⟧
***     ⟹ length (data_stack st') = length (data_stack st) - Suc 0
***  2. ⋀a b. ⟦(case case data_stack st of [] ⇒ None | x # xs ⇒ Some (x, xs) of
***             None ⇒ None | Some (xa, s) ⇒ Some (xa, st⦇data_stack := s⦈)) =
***            Some (x, st');
***            stack_pop (data_stack st) = Some (a, b)⟧
***           ⟹ length (data_stack st') =
***              length (data_stack st) -
***              Suc 0
*** At command "by" (line 108 of "~/CLionProjects/StarForth/docs/src/internal/formal/VM_StackRuntime.thy")
*** Failed to apply initial proof method (line 89 of "~/CLionProjects/StarForth/docs/src/internal/formal/VM_StackRuntime.thy"):
*** goal (1 subgoal):
***  1. data_stack (vm_set_error True st) =
***     data_stack
***      st
*** At command "by" (line 89 of "~/CLionProjects/StarForth/docs/src/internal/formal/VM_StackRuntime.thy")
*** Failed to apply initial proof method (line 389 of "~/CLionProjects/StarForth/docs/src/internal/formal/VM_Stacks.thy"):
*** using this:
***   return_stack state = x # xs
*** goal (1 subgoal):
***  1. thesis
*** At command "by" (line 389 of "~/CLionProjects/StarForth/docs/src/internal/formal/VM_Stacks.thy")
*** Failed to apply initial proof method (line 114 of "~/CLionProjects/StarForth/docs/src/internal/formal/VM_Core.thy"):
*** using this:
***   int return_count = rsp + 1
*** goal (1 subgoal):
***  1. (return_count < return_limit) =
***     (rsp + 1
***      < int return_limit)
*** At command "by" (line 114 of "~/CLionProjects/StarForth/docs/src/internal/formal/VM_Core.thy")
*** Failed to apply initial proof method (line 110 of "~/CLionProjects/StarForth/docs/src/internal/formal/VM_Core.thy"):
*** using this:
***   int data_count = dsp + 1
*** goal (1 subgoal):
***  1. (data_count < data_limit) =
***     (dsp + 1
***      < int data_limit)
*** At command "by" (line 110 of "~/CLionProjects/StarForth/docs/src/internal/formal/VM_Core.thy")
Unfinished session(s): StarForth_Formal

Finished at Thu Oct 30 08:34:25 GMT-4 2025
0:00:14 elapsed time, 0:00:10 cpu time, factor 0.72
